2019-07-17 16:32:41,678 [main] INFO  [o.s.c.s.PostProcessorRegistrationDelegate$BeanPostProcessorChecker] PostProcessorRegistrationDelegate.java:330 - Bean 'org.springframework.cloud.autoconfigure.ConfigurationPropertiesRebinderAutoConfiguration' of type [org.springframework.cloud.autoconfigure.ConfigurationPropertiesRebinderAutoConfiguration$$EnhancerBySpringCGLIB$$c0584c29] is not eligible for getting processed by all BeanPostProcessors (for example: not eligible for auto-proxying)
2019-07-17 16:32:41,960 [main] INFO  [o.s.cloud.netflix.eureka.InstanceInfoFactory] InstanceInfoFactory.java:71 - Setting initial instance status as: STARTING
2019-07-17 16:32:42,038 [main] INFO  [com.netflix.discovery.DiscoveryClient] DiscoveryClient.java:349 - Initializing Eureka in region us-east-1
2019-07-17 16:32:42,494 [main] INFO  [c.n.discovery.provider.DiscoveryJerseyProvider] DiscoveryJerseyProvider.java:70 - Using JSON encoding codec LegacyJacksonJson
2019-07-17 16:32:42,495 [main] INFO  [c.n.discovery.provider.DiscoveryJerseyProvider] DiscoveryJerseyProvider.java:71 - Using JSON decoding codec LegacyJacksonJson
2019-07-17 16:32:42,629 [main] INFO  [c.n.discovery.provider.DiscoveryJerseyProvider] DiscoveryJerseyProvider.java:80 - Using XML encoding codec XStreamXml
2019-07-17 16:32:42,630 [main] INFO  [c.n.discovery.provider.DiscoveryJerseyProvider] DiscoveryJerseyProvider.java:81 - Using XML decoding codec XStreamXml
2019-07-17 16:32:42,878 [main] INFO  [c.n.d.shared.resolver.aws.ConfigClusterResolver] ConfigClusterResolver.java:43 - Resolving eureka endpoints via configuration
2019-07-17 16:32:42,995 [main] INFO  [com.netflix.discovery.DiscoveryClient] DiscoveryClient.java:958 - Disable delta property : false
2019-07-17 16:32:42,996 [main] INFO  [com.netflix.discovery.DiscoveryClient] DiscoveryClient.java:959 - Single vip registry refresh property : null
2019-07-17 16:32:42,996 [main] INFO  [com.netflix.discovery.DiscoveryClient] DiscoveryClient.java:960 - Force full registry fetch : false
2019-07-17 16:32:42,997 [main] INFO  [com.netflix.discovery.DiscoveryClient] DiscoveryClient.java:961 - Application is null : false
2019-07-17 16:32:42,997 [main] INFO  [com.netflix.discovery.DiscoveryClient] DiscoveryClient.java:962 - Registered Applications size is zero : true
2019-07-17 16:32:42,997 [main] INFO  [com.netflix.discovery.DiscoveryClient] DiscoveryClient.java:964 - Application version is -1: true
2019-07-17 16:32:42,998 [main] INFO  [com.netflix.discovery.DiscoveryClient] DiscoveryClient.java:1047 - Getting all instance registry info from the eureka server
2019-07-17 16:32:43,235 [main] INFO  [com.netflix.discovery.DiscoveryClient] DiscoveryClient.java:1056 - The response status is 200
2019-07-17 16:32:43,238 [main] INFO  [com.netflix.discovery.DiscoveryClient] DiscoveryClient.java:1317 - Not registering with Eureka server per configuration
2019-07-17 16:32:43,246 [main] INFO  [com.netflix.discovery.DiscoveryClient] DiscoveryClient.java:449 - Discovery Client initialized at timestamp 1563352363244 with initial instances count: 2
2019-07-17 16:32:43,509 [main] INFO  [o.s.c.c.client.ConfigServicePropertySourceLocator] ConfigServicePropertySourceLocator.java:205 - Fetching config from server at : http://USER-20170101CA:8790/
2019-07-17 16:32:45,111 [main] INFO  [o.s.c.c.client.ConfigServicePropertySourceLocator] ConfigServicePropertySourceLocator.java:149 - Located environment: name=biz-product, profiles=[dev], label=master, version=10fb5928bb024b94bfeff10b4fe298e180bda087, state=null
2019-07-17 16:32:45,111 [main] INFO  [o.s.c.b.c.PropertySourceBootstrapConfiguration] PropertySourceBootstrapConfiguration.java:98 - Located property source: CompositePropertySource {name='configService', propertySources=[MapPropertySource {name='configClient'}, MapPropertySource {name='https://github.com/dantegarden/springcloudNetflix-demo-repo/biz-product-dev.yml'}, MapPropertySource {name='https://github.com/dantegarden/springcloudNetflix-demo-repo/biz-product.yml'}]}
2019-07-17 16:32:45,124 [main] INFO  [c.e.product.server.ProductServerApplicationTests] SpringApplication.java:675 - No active profile set, falling back to default profiles: default
2019-07-17 16:32:46,127 [main] WARN  [o.springframework.boot.actuate.endpoint.EndpointId] EndpointId.java:135 - Endpoint ID 'bus-env' contains invalid characters, please migrate to a valid format.
2019-07-17 16:32:46,130 [main] WARN  [o.springframework.boot.actuate.endpoint.EndpointId] EndpointId.java:135 - Endpoint ID 'bus-refresh' contains invalid characters, please migrate to a valid format.
2019-07-17 16:32:46,309 [main] INFO  [o.s.d.r.config.RepositoryConfigurationDelegate] RepositoryConfigurationDelegate.java:244 - Multiple Spring Data modules found, entering strict repository configuration mode!
2019-07-17 16:32:46,311 [main] INFO  [o.s.d.r.config.RepositoryConfigurationDelegate] RepositoryConfigurationDelegate.java:126 - Bootstrapping Spring Data repositories in DEFAULT mode.
2019-07-17 16:32:46,502 [main] INFO  [o.s.d.r.config.RepositoryConfigurationDelegate] RepositoryConfigurationDelegate.java:182 - Finished Spring Data repository scanning in 182ms. Found 2 repository interfaces.
2019-07-17 16:32:46,520 [main] INFO  [o.s.d.r.config.RepositoryConfigurationDelegate] RepositoryConfigurationDelegate.java:244 - Multiple Spring Data modules found, entering strict repository configuration mode!
2019-07-17 16:32:46,522 [main] INFO  [o.s.d.r.config.RepositoryConfigurationDelegate] RepositoryConfigurationDelegate.java:126 - Bootstrapping Spring Data repositories in DEFAULT mode.
2019-07-17 16:32:46,542 [main] INFO  [o.s.d.r.c.RepositoryConfigurationExtensionSupport] RepositoryConfigurationExtensionSupport.java:363 - Spring Data Redis - Could not safely identify store assignment for repository candidate interface com.example.product.server.dao.ProductCategoryRepository.
2019-07-17 16:32:46,543 [main] INFO  [o.s.d.r.c.RepositoryConfigurationExtensionSupport] RepositoryConfigurationExtensionSupport.java:363 - Spring Data Redis - Could not safely identify store assignment for repository candidate interface com.example.product.server.dao.ProductInfoRepository.
2019-07-17 16:32:46,544 [main] INFO  [o.s.d.r.config.RepositoryConfigurationDelegate] RepositoryConfigurationDelegate.java:182 - Finished Spring Data repository scanning in 11ms. Found 0 repository interfaces.
2019-07-17 16:32:46,704 [main] WARN  [o.springframework.boot.actuate.endpoint.EndpointId] EndpointId.java:135 - Endpoint ID 'service-registry' contains invalid characters, please migrate to a valid format.
2019-07-17 16:32:47,168 [main] INFO  [o.springframework.cloud.context.scope.GenericScope] GenericScope.java:294 - BeanFactory id=6f4a1020-7f3c-3dea-8988-2f4936ea3043
2019-07-17 16:32:47,246 [main] INFO  [o.s.i.c.DefaultConfiguringBeanFactoryPostProcessor] DefaultConfiguringBeanFactoryPostProcessor.java:188 - No bean named 'errorChannel' has been explicitly defined. Therefore, a default PublishSubscribeChannel will be created.
2019-07-17 16:32:47,253 [main] INFO  [o.s.i.c.DefaultConfiguringBeanFactoryPostProcessor] DefaultConfiguringBeanFactoryPostProcessor.java:275 - No bean named 'taskScheduler' has been explicitly defined. Therefore, a default ThreadPoolTaskScheduler will be created.
2019-07-17 16:32:47,265 [main] INFO  [o.s.i.c.DefaultConfiguringBeanFactoryPostProcessor] DefaultConfiguringBeanFactoryPostProcessor.java:426 - No bean named 'integrationHeaderChannelRegistry' has been explicitly defined. Therefore, a default DefaultHeaderChannelRegistry will be created.
2019-07-17 16:32:47,463 [main] INFO  [o.s.c.s.PostProcessorRegistrationDelegate$BeanPostProcessorChecker] PostProcessorRegistrationDelegate.java:330 - Bean 'org.springframework.transaction.annotation.ProxyTransactionManagementConfiguration' of type [org.springframework.transaction.annotation.ProxyTransactionManagementConfiguration$$EnhancerBySpringCGLIB$$a43e492c] is not eligible for getting processed by all BeanPostProcessors (for example: not eligible for auto-proxying)
2019-07-17 16:32:47,517 [main] INFO  [o.s.c.s.PostProcessorRegistrationDelegate$BeanPostProcessorChecker] PostProcessorRegistrationDelegate.java:330 - Bean 'integrationDisposableAutoCreatedBeans' of type [org.springframework.integration.config.annotation.Disposables] is not eligible for getting processed by all BeanPostProcessors (for example: not eligible for auto-proxying)
2019-07-17 16:32:47,582 [main] INFO  [o.s.c.s.PostProcessorRegistrationDelegate$BeanPostProcessorChecker] PostProcessorRegistrationDelegate.java:330 - Bean 'org.springframework.integration.config.IntegrationManagementConfiguration' of type [org.springframework.integration.config.IntegrationManagementConfiguration$$EnhancerBySpringCGLIB$$f30045b] is not eligible for getting processed by all BeanPostProcessors (for example: not eligible for auto-proxying)
2019-07-17 16:32:47,618 [main] INFO  [o.s.c.s.PostProcessorRegistrationDelegate$BeanPostProcessorChecker] PostProcessorRegistrationDelegate.java:330 - Bean 'org.springframework.cloud.autoconfigure.ConfigurationPropertiesRebinderAutoConfiguration' of type [org.springframework.cloud.autoconfigure.ConfigurationPropertiesRebinderAutoConfiguration$$EnhancerBySpringCGLIB$$c0584c29] is not eligible for getting processed by all BeanPostProcessors (for example: not eligible for auto-proxying)
2019-07-17 16:32:47,915 [main] INFO  [c.a.d.s.b.a.DruidDataSourceAutoConfigure] DruidDataSourceAutoConfigure.java:56 - Init DruidDataSource
2019-07-17 16:32:48,481 [main] INFO  [com.alibaba.druid.pool.DruidDataSource] DruidDataSource.java:971 - {dataSource-1} inited
2019-07-17 16:32:48,813 [main] INFO  [org.hibernate.jpa.internal.util.LogHelper] LogHelper.java:31 - HHH000204: Processing PersistenceUnitInfo [
	name: default
	...]
2019-07-17 16:32:49,128 [main] INFO  [org.hibernate.Version] Version.java:46 - HHH000412: Hibernate Core {5.3.9.Final}
2019-07-17 16:32:49,130 [main] INFO  [org.hibernate.cfg.Environment] Environment.java:213 - HHH000206: hibernate.properties not found
2019-07-17 16:32:49,430 [main] INFO  [org.hibernate.annotations.common.Version] JavaReflectionManager.java:49 - HCANN000001: Hibernate Commons Annotations {5.0.4.Final}
2019-07-17 16:32:49,689 [main] INFO  [org.hibernate.dialect.Dialect] Dialect.java:157 - HHH000400: Using dialect: org.hibernate.dialect.MySQLDialect
2019-07-17 16:32:50,717 [main] INFO  [o.s.orm.jpa.LocalContainerEntityManagerFactoryBean] AbstractEntityManagerFactoryBean.java:415 - Initialized JPA EntityManagerFactory for persistence unit 'default'
2019-07-17 16:32:52,672 [main] WARN  [com.netflix.config.sources.URLConfigurationSource] URLConfigurationSource.java:121 - No URLs will be polled as dynamic configuration sources.
2019-07-17 16:32:52,673 [main] INFO  [com.netflix.config.sources.URLConfigurationSource] URLConfigurationSource.java:122 - To enable URLs as dynamic configuration sources, define System property archaius.configurationSource.additionalUrls or make config.properties available on classpath.
2019-07-17 16:32:52,685 [main] WARN  [com.netflix.config.sources.URLConfigurationSource] URLConfigurationSource.java:121 - No URLs will be polled as dynamic configuration sources.
2019-07-17 16:32:52,686 [main] INFO  [com.netflix.config.sources.URLConfigurationSource] URLConfigurationSource.java:122 - To enable URLs as dynamic configuration sources, define System property archaius.configurationSource.additionalUrls or make config.properties available on classpath.
2019-07-17 16:32:53,647 [main] INFO  [o.s.scheduling.concurrent.ThreadPoolTaskExecutor] ExecutorConfigurationSupport.java:171 - Initializing ExecutorService 'applicationTaskExecutor'
2019-07-17 16:32:53,812 [main] WARN  [o.s.b.a.o.j.JpaBaseConfiguration$JpaWebConfiguration$JpaWebMvcConfiguration] JpaBaseConfiguration.java:237 - spring.jpa.open-in-view is enabled by default. Therefore, database queries may be performed during view rendering. Explicitly configure spring.jpa.open-in-view to disable this warning
2019-07-17 16:32:55,576 [main] INFO  [o.s.scheduling.concurrent.ThreadPoolTaskScheduler] ExecutorConfigurationSupport.java:171 - Initializing ExecutorService 'taskScheduler'
2019-07-17 16:32:57,540 [main] INFO  [com.netflix.discovery.DiscoveryClient] DiscoveryClient.java:888 - Shutting down DiscoveryClient ...
2019-07-17 16:32:57,579 [main] INFO  [com.netflix.discovery.DiscoveryClient] DiscoveryClient.java:911 - Completed shut down of DiscoveryClient
2019-07-17 16:32:57,718 [main] INFO  [o.s.b.actuate.endpoint.web.EndpointLinksResolver] EndpointLinksResolver.java:59 - Exposing 2 endpoint(s) beneath base path '/actuator'
2019-07-17 16:32:57,997 [main] INFO  [o.s.c.stream.messaging.DirectWithAttributesChannel] AbstractSubscribableChannel.java:64 - Channel 'biz-product-1.myStreamMessageInput' has 1 subscriber(s).
2019-07-17 16:32:57,998 [main] INFO  [o.s.c.stream.messaging.DirectWithAttributesChannel] AbstractSubscribableChannel.java:64 - Channel 'biz-product-1.myStreamMessageOutput' has 1 subscriber(s).
2019-07-17 16:32:57,998 [main] INFO  [o.s.c.stream.messaging.DirectWithAttributesChannel] AbstractSubscribableChannel.java:64 - Channel 'biz-product-1.springCloudBusInput' has 1 subscriber(s).
2019-07-17 16:32:58,072 [main] INFO  [o.s.integration.endpoint.EventDrivenConsumer] EventDrivenConsumer.java:107 - Adding {logging-channel-adapter:_org.springframework.integration.errorLogger} as a subscriber to the 'errorChannel' channel
2019-07-17 16:32:58,073 [main] INFO  [o.s.integration.channel.PublishSubscribeChannel] AbstractSubscribableChannel.java:64 - Channel 'biz-product-1.errorChannel' has 1 subscriber(s).
2019-07-17 16:32:58,073 [main] INFO  [o.s.integration.endpoint.EventDrivenConsumer] AbstractEndpoint.java:159 - started _org.springframework.integration.errorLogger
2019-07-17 16:32:58,309 [main] INFO  [o.s.c.c.client.ConfigServicePropertySourceLocator] ConfigServicePropertySourceLocator.java:205 - Fetching config from server at : http://USER-20170101CA:8790/
2019-07-17 16:32:59,763 [main] INFO  [o.s.c.c.client.ConfigServicePropertySourceLocator] ConfigServicePropertySourceLocator.java:149 - Located environment: name=biz-product, profiles=[dev], label=master, version=10fb5928bb024b94bfeff10b4fe298e180bda087, state=null
2019-07-17 16:32:59,764 [main] INFO  [o.s.c.b.c.PropertySourceBootstrapConfiguration] PropertySourceBootstrapConfiguration.java:98 - Located property source: CompositePropertySource {name='configService', propertySources=[MapPropertySource {name='configClient'}, MapPropertySource {name='https://github.com/dantegarden/springcloudNetflix-demo-repo/biz-product-dev.yml'}, MapPropertySource {name='https://github.com/dantegarden/springcloudNetflix-demo-repo/biz-product.yml'}]}
2019-07-17 16:32:59,958 [main] INFO  [o.s.a.rabbit.connection.CachingConnectionFactory] AbstractConnectionFactory.java:460 - Attempting to connect to: [192.168.99.100:5672]
2019-07-17 16:33:00,048 [main] INFO  [o.s.a.rabbit.connection.CachingConnectionFactory] AbstractConnectionFactory.java:496 - Created new connection: rabbitConnectionFactory#3507200d:0/SimpleConnection@3de4f936 [delegate=amqp://guest@192.168.99.100:5672/, localPort= 14362]
2019-07-17 16:33:00,104 [main] INFO  [o.s.c.stream.messaging.DirectWithAttributesChannel] AbstractSubscribableChannel.java:64 - Channel 'biz-product-1.myStreamMessageOutput' has 2 subscriber(s).
2019-07-17 16:33:00,120 [main] INFO  [o.s.c.stream.messaging.DirectWithAttributesChannel] AbstractSubscribableChannel.java:64 - Channel 'biz-product-1.springCloudBusOutput' has 1 subscriber(s).
2019-07-17 16:33:00,139 [main] INFO  [o.s.cloud.netflix.eureka.InstanceInfoFactory] InstanceInfoFactory.java:71 - Setting initial instance status as: STARTING
2019-07-17 16:33:00,148 [main] INFO  [com.netflix.discovery.DiscoveryClient] DiscoveryClient.java:349 - Initializing Eureka in region us-east-1
2019-07-17 16:33:00,152 [main] INFO  [c.n.discovery.provider.DiscoveryJerseyProvider] DiscoveryJerseyProvider.java:70 - Using JSON encoding codec LegacyJacksonJson
2019-07-17 16:33:00,153 [main] INFO  [c.n.discovery.provider.DiscoveryJerseyProvider] DiscoveryJerseyProvider.java:71 - Using JSON decoding codec LegacyJacksonJson
2019-07-17 16:33:00,153 [main] INFO  [c.n.discovery.provider.DiscoveryJerseyProvider] DiscoveryJerseyProvider.java:80 - Using XML encoding codec XStreamXml
2019-07-17 16:33:00,153 [main] INFO  [c.n.discovery.provider.DiscoveryJerseyProvider] DiscoveryJerseyProvider.java:81 - Using XML decoding codec XStreamXml
2019-07-17 16:33:00,226 [main] INFO  [c.n.d.shared.resolver.aws.ConfigClusterResolver] ConfigClusterResolver.java:43 - Resolving eureka endpoints via configuration
2019-07-17 16:33:00,229 [main] INFO  [com.netflix.discovery.DiscoveryClient] DiscoveryClient.java:958 - Disable delta property : false
2019-07-17 16:33:00,229 [main] INFO  [com.netflix.discovery.DiscoveryClient] DiscoveryClient.java:959 - Single vip registry refresh property : null
2019-07-17 16:33:00,230 [main] INFO  [com.netflix.discovery.DiscoveryClient] DiscoveryClient.java:960 - Force full registry fetch : false
2019-07-17 16:33:00,230 [main] INFO  [com.netflix.discovery.DiscoveryClient] DiscoveryClient.java:961 - Application is null : false
2019-07-17 16:33:00,231 [main] INFO  [com.netflix.discovery.DiscoveryClient] DiscoveryClient.java:962 - Registered Applications size is zero : true
2019-07-17 16:33:00,231 [main] INFO  [com.netflix.discovery.DiscoveryClient] DiscoveryClient.java:964 - Application version is -1: true
2019-07-17 16:33:00,231 [main] INFO  [com.netflix.discovery.DiscoveryClient] DiscoveryClient.java:1047 - Getting all instance registry info from the eureka server
2019-07-17 16:33:00,236 [main] INFO  [com.netflix.discovery.DiscoveryClient] DiscoveryClient.java:1056 - The response status is 200
2019-07-17 16:33:00,238 [main] INFO  [com.netflix.discovery.DiscoveryClient] DiscoveryClient.java:1270 - Starting heartbeat executor: renew interval is: 30
2019-07-17 16:33:00,242 [main] INFO  [com.netflix.discovery.InstanceInfoReplicator] InstanceInfoReplicator.java:60 - InstanceInfoReplicator onDemand update allowed rate per min is 4
2019-07-17 16:33:00,244 [main] INFO  [com.netflix.discovery.DiscoveryClient] DiscoveryClient.java:449 - Discovery Client initialized at timestamp 1563352380244 with initial instances count: 2
2019-07-17 16:33:00,250 [main] INFO  [o.s.c.n.e.serviceregistry.EurekaServiceRegistry] EurekaServiceRegistry.java:42 - Registering application BIZ-PRODUCT with eureka with status UP
2019-07-17 16:33:00,250 [main] INFO  [com.netflix.discovery.DiscoveryClient] DiscoveryClient.java:1305 - Saw local status change event StatusChangeEvent [timestamp=1563352380250, current=UP, previous=STARTING]
2019-07-17 16:33:00,253 [DiscoveryClient-InstanceInfoReplicator-0] INFO  [com.netflix.discovery.DiscoveryClient] DiscoveryClient.java:826 - DiscoveryClient_BIZ-PRODUCT/USER-20170101CA:biz-product:9101: registering service...
2019-07-17 16:33:00,284 [main] INFO  [o.s.c.s.b.r.p.RabbitExchangeQueueProvisioner] RabbitExchangeQueueProvisioner.java:159 - declaring queue for inbound: myStreamMessageInput.anonymous.X_0cjba0Sdy7KryDWmvjhw, bound to: myStreamMessageInput
2019-07-17 16:33:00,301 [DiscoveryClient-InstanceInfoReplicator-0] INFO  [com.netflix.discovery.DiscoveryClient] DiscoveryClient.java:835 - DiscoveryClient_BIZ-PRODUCT/USER-20170101CA:biz-product:9101 - registration status: 204
2019-07-17 16:33:00,308 [main] INFO  [o.s.cloud.stream.binder.BinderErrorChannel] AbstractSubscribableChannel.java:64 - Channel 'biz-product-1.myStreamMessageInput.anonymous.X_0cjba0Sdy7KryDWmvjhw.errors' has 1 subscriber(s).
2019-07-17 16:33:00,309 [main] INFO  [o.s.cloud.stream.binder.BinderErrorChannel] AbstractSubscribableChannel.java:64 - Channel 'biz-product-1.myStreamMessageInput.anonymous.X_0cjba0Sdy7KryDWmvjhw.errors' has 2 subscriber(s).
2019-07-17 16:33:00,340 [main] INFO  [o.s.i.amqp.inbound.AmqpInboundChannelAdapter] AbstractEndpoint.java:159 - started inbound.myStreamMessageInput.anonymous.X_0cjba0Sdy7KryDWmvjhw
2019-07-17 16:33:00,355 [main] INFO  [o.s.c.s.b.r.p.RabbitExchangeQueueProvisioner] RabbitExchangeQueueProvisioner.java:159 - declaring queue for inbound: springCloudBus.anonymous.ycgoWiWhQruAoqMjy9wIMQ, bound to: springCloudBus
2019-07-17 16:33:00,364 [main] INFO  [o.s.cloud.stream.binder.BinderErrorChannel] AbstractSubscribableChannel.java:64 - Channel 'biz-product-1.springCloudBus.anonymous.ycgoWiWhQruAoqMjy9wIMQ.errors' has 1 subscriber(s).
2019-07-17 16:33:00,365 [main] INFO  [o.s.cloud.stream.binder.BinderErrorChannel] AbstractSubscribableChannel.java:64 - Channel 'biz-product-1.springCloudBus.anonymous.ycgoWiWhQruAoqMjy9wIMQ.errors' has 2 subscriber(s).
2019-07-17 16:33:00,369 [main] INFO  [o.s.i.amqp.inbound.AmqpInboundChannelAdapter] AbstractEndpoint.java:159 - started inbound.springCloudBus.anonymous.ycgoWiWhQruAoqMjy9wIMQ
2019-07-17 16:33:00,439 [main] INFO  [c.e.product.server.ProductServerApplicationTests] StartupInfoLogger.java:59 - Started ProductServerApplicationTests in 20.003 seconds (JVM running for 21.008)
2019-07-17 16:33:00,560 [Thread-7] INFO  [o.s.c.n.e.serviceregistry.EurekaServiceRegistry] EurekaServiceRegistry.java:65 - Unregistering application BIZ-PRODUCT with eureka with status DOWN
2019-07-17 16:33:00,560 [Thread-7] WARN  [com.netflix.discovery.DiscoveryClient] DiscoveryClient.java:1303 - Saw local status change event StatusChangeEvent [timestamp=1563352380560, current=DOWN, previous=UP]
2019-07-17 16:33:00,560 [DiscoveryClient-InstanceInfoReplicator-0] INFO  [com.netflix.discovery.DiscoveryClient] DiscoveryClient.java:826 - DiscoveryClient_BIZ-PRODUCT/USER-20170101CA:biz-product:9101: registering service...
2019-07-17 16:33:00,564 [DiscoveryClient-InstanceInfoReplicator-0] INFO  [com.netflix.discovery.DiscoveryClient] DiscoveryClient.java:835 - DiscoveryClient_BIZ-PRODUCT/USER-20170101CA:biz-product:9101 - registration status: 204
2019-07-17 16:33:00,568 [Thread-7] INFO  [o.s.a.r.listener.SimpleMessageListenerContainer] SimpleMessageListenerContainer.java:586 - Waiting for workers to finish.
2019-07-17 16:33:01,384 [Thread-7] INFO  [o.s.a.r.listener.SimpleMessageListenerContainer] SimpleMessageListenerContainer.java:589 - Successfully waited for workers to finish.
2019-07-17 16:33:01,386 [Thread-7] INFO  [o.s.a.r.listener.SimpleMessageListenerContainer] SimpleMessageListenerContainer.java:586 - Waiting for workers to finish.
2019-07-17 16:33:01,388 [Thread-7] INFO  [o.s.a.r.listener.SimpleMessageListenerContainer] SimpleMessageListenerContainer.java:589 - Successfully waited for workers to finish.
2019-07-17 16:33:01,390 [Thread-7] INFO  [o.s.a.r.listener.SimpleMessageListenerContainer] SimpleMessageListenerContainer.java:586 - Waiting for workers to finish.
2019-07-17 16:33:01,395 [Thread-7] INFO  [o.s.a.r.listener.SimpleMessageListenerContainer] SimpleMessageListenerContainer.java:589 - Successfully waited for workers to finish.
2019-07-17 16:33:01,398 [Thread-7] INFO  [o.s.a.r.listener.SimpleMessageListenerContainer] SimpleMessageListenerContainer.java:586 - Waiting for workers to finish.
2019-07-17 16:33:02,343 [Thread-7] INFO  [o.s.a.r.listener.SimpleMessageListenerContainer] SimpleMessageListenerContainer.java:589 - Successfully waited for workers to finish.
2019-07-17 16:33:02,343 [Thread-7] INFO  [o.s.i.amqp.inbound.AmqpInboundChannelAdapter] AbstractEndpoint.java:176 - stopped inbound.myStreamMessageInput.anonymous.X_0cjba0Sdy7KryDWmvjhw
2019-07-17 16:33:02,345 [Thread-7] INFO  [o.s.cloud.stream.binder.BinderErrorChannel] AbstractSubscribableChannel.java:64 - Channel 'biz-product-1.myStreamMessageInput.anonymous.X_0cjba0Sdy7KryDWmvjhw.errors' has 1 subscriber(s).
2019-07-17 16:33:02,345 [Thread-7] INFO  [o.s.cloud.stream.binder.BinderErrorChannel] AbstractSubscribableChannel.java:64 - Channel 'biz-product-1.myStreamMessageInput.anonymous.X_0cjba0Sdy7KryDWmvjhw.errors' has 0 subscriber(s).
2019-07-17 16:33:02,348 [Thread-7] INFO  [o.s.a.r.listener.SimpleMessageListenerContainer] SimpleMessageListenerContainer.java:586 - Waiting for workers to finish.
2019-07-17 16:33:02,373 [Thread-7] INFO  [o.s.a.r.listener.SimpleMessageListenerContainer] SimpleMessageListenerContainer.java:589 - Successfully waited for workers to finish.
2019-07-17 16:33:02,374 [Thread-7] INFO  [o.s.i.amqp.inbound.AmqpInboundChannelAdapter] AbstractEndpoint.java:176 - stopped inbound.springCloudBus.anonymous.ycgoWiWhQruAoqMjy9wIMQ
2019-07-17 16:33:02,374 [Thread-7] INFO  [o.s.cloud.stream.binder.BinderErrorChannel] AbstractSubscribableChannel.java:64 - Channel 'biz-product-1.springCloudBus.anonymous.ycgoWiWhQruAoqMjy9wIMQ.errors' has 1 subscriber(s).
2019-07-17 16:33:02,374 [Thread-7] INFO  [o.s.cloud.stream.binder.BinderErrorChannel] AbstractSubscribableChannel.java:64 - Channel 'biz-product-1.springCloudBus.anonymous.ycgoWiWhQruAoqMjy9wIMQ.errors' has 0 subscriber(s).
2019-07-17 16:33:02,379 [Thread-7] INFO  [o.s.integration.endpoint.EventDrivenConsumer] EventDrivenConsumer.java:107 - Removing {logging-channel-adapter:_org.springframework.integration.errorLogger} as a subscriber to the 'errorChannel' channel
2019-07-17 16:33:02,379 [Thread-7] INFO  [o.s.integration.channel.PublishSubscribeChannel] AbstractSubscribableChannel.java:64 - Channel 'biz-product-1.errorChannel' has 0 subscriber(s).
2019-07-17 16:33:02,379 [Thread-7] INFO  [o.s.integration.endpoint.EventDrivenConsumer] AbstractEndpoint.java:193 - stopped _org.springframework.integration.errorLogger
2019-07-17 16:33:02,382 [Thread-7] INFO  [o.s.scheduling.concurrent.ThreadPoolTaskScheduler] ExecutorConfigurationSupport.java:208 - Shutting down ExecutorService 'taskScheduler'
2019-07-17 16:33:02,400 [Thread-7] INFO  [o.s.a.r.listener.SimpleMessageListenerContainer] AbstractMessageListenerContainer.java:1226 - Shutdown ignored - container is not active already
2019-07-17 16:33:02,401 [Thread-7] INFO  [o.s.a.r.listener.SimpleMessageListenerContainer] AbstractMessageListenerContainer.java:1226 - Shutdown ignored - container is not active already
2019-07-17 16:33:02,401 [Thread-7] INFO  [o.s.a.r.listener.SimpleMessageListenerContainer] AbstractMessageListenerContainer.java:1226 - Shutdown ignored - container is not active already
2019-07-17 16:33:02,407 [Thread-7] INFO  [o.s.scheduling.concurrent.ThreadPoolTaskExecutor] ExecutorConfigurationSupport.java:208 - Shutting down ExecutorService 'applicationTaskExecutor'
2019-07-17 16:33:02,410 [Thread-7] INFO  [o.s.orm.jpa.LocalContainerEntityManagerFactoryBean] AbstractEntityManagerFactoryBean.java:597 - Closing JPA EntityManagerFactory for persistence unit 'default'
2019-07-17 16:33:02,419 [Thread-7] INFO  [com.alibaba.druid.pool.DruidDataSource] DruidDataSource.java:1908 - {dataSource-1} closed
2019-07-17 16:33:02,419 [Thread-7] INFO  [com.netflix.discovery.DiscoveryClient] DiscoveryClient.java:888 - Shutting down DiscoveryClient ...
2019-07-17 16:33:05,422 [Thread-7] INFO  [com.netflix.discovery.DiscoveryClient] DiscoveryClient.java:922 - Unregistering ...
2019-07-17 16:33:05,426 [Thread-7] INFO  [com.netflix.discovery.DiscoveryClient] DiscoveryClient.java:924 - DiscoveryClient_BIZ-PRODUCT/USER-20170101CA:biz-product:9101 - deregister  status: 200
2019-07-17 16:33:05,434 [Thread-7] INFO  [com.netflix.discovery.DiscoveryClient] DiscoveryClient.java:911 - Completed shut down of DiscoveryClient
